c:\users\aplar\onedrive - washington state university (email.wsu.edu)\desktop\pa9-new\pa9game\pa9game\x64\debug\vc143.pdb
c:\users\aplar\onedrive - washington state university (email.wsu.edu)\desktop\pa9-new\pa9game\pa9game\x64\debug\vc143.idb
c:\users\aplar\onedrive - washington state university (email.wsu.edu)\desktop\pa9-new\pa9game\pa9game\x64\debug\player.obj
c:\users\aplar\onedrive - washington state university (email.wsu.edu)\desktop\pa9-new\pa9game\pa9game\x64\debug\groundenemy.obj
c:\users\aplar\onedrive - washington state university (email.wsu.edu)\desktop\pa9-new\pa9game\pa9game\x64\debug\flyingenemy.obj
c:\users\aplar\onedrive - washington state university (email.wsu.edu)\desktop\pa9-new\pa9game\pa9game\x64\debug\backdrop.obj
c:\users\aplar\onedrive - washington state university (email.wsu.edu)\desktop\pa9-new\pa9game\pa9game\x64\debug\animation.obj
c:\users\aplar\onedrive - washington state university (email.wsu.edu)\desktop\pa9-new\pa9game\pa9game\x64\debug\entity.obj
c:\users\aplar\onedrive - washington state university (email.wsu.edu)\desktop\pa9-new\pa9game\pa9game\x64\debug\main.obj
c:\users\aplar\onedrive - washington state university (email.wsu.edu)\desktop\pa9-new\pa9game\x64\debug\pa9game.exe
c:\users\aplar\onedrive - washington state university (email.wsu.edu)\desktop\pa9-new\pa9game\x64\debug\pa9game.pdb
c:\users\aplar\onedrive - washington state university (email.wsu.edu)\desktop\pa9-new\pa9game\pa9game\x64\debug\pa9game.ilk
c:\users\aplar\onedrive - washington state university (email.wsu.edu)\desktop\pa9-new\pa9game\pa9game\x64\debug\pa9game.tlog\cl.command.1.tlog
c:\users\aplar\onedrive - washington state university (email.wsu.edu)\desktop\pa9-new\pa9game\pa9game\x64\debug\pa9game.tlog\cl.items.tlog
c:\users\aplar\onedrive - washington state university (email.wsu.edu)\desktop\pa9-new\pa9game\pa9game\x64\debug\pa9game.tlog\cl.read.1.tlog
c:\users\aplar\onedrive - washington state university (email.wsu.edu)\desktop\pa9-new\pa9game\pa9game\x64\debug\pa9game.tlog\cl.write.1.tlog
c:\users\aplar\onedrive - washington state university (email.wsu.edu)\desktop\pa9-new\pa9game\pa9game\x64\debug\pa9game.tlog\link.command.1.tlog
c:\users\aplar\onedrive - washington state university (email.wsu.edu)\desktop\pa9-new\pa9game\pa9game\x64\debug\pa9game.tlog\link.read.1.tlog
c:\users\aplar\onedrive - washington state university (email.wsu.edu)\desktop\pa9-new\pa9game\pa9game\x64\debug\pa9game.tlog\link.secondary.1.tlog
c:\users\aplar\onedrive - washington state university (email.wsu.edu)\desktop\pa9-new\pa9game\pa9game\x64\debug\pa9game.tlog\link.write.1.tlog
