  main.cpp
C:\Users\troym\Desktop\temp\PA9-NEW\PA9Game\include\SFML\System\Exception.hpp(41,47): warning C4275: non dll-interface class 'std::runtime_error' used as base for dll-interface class 'sf::Exception'
  (compiling source file 'main.cpp')
      C:\Program Files\Microsoft Visual Studio\2022\Community\VC\Tools\MSVC\14.38.33130\include\stdexcept(100,19):
      see declaration of 'std::runtime_error'
      C:\Users\troym\Desktop\temp\PA9-NEW\PA9Game\include\SFML\System\Exception.hpp(41,23):
      see declaration of 'sf::Exception'
  
C:\Users\troym\Desktop\temp\PA9-NEW\PA9Game\PA9Game\main.cpp(33,32): warning C4834: discarding return value of function with [[nodiscard]] attribute
C:\Users\troym\Desktop\temp\PA9-NEW\PA9Game\PA9Game\main.cpp(43,32): warning C4834: discarding return value of function with [[nodiscard]] attribute
C:\Users\troym\Desktop\temp\PA9-NEW\PA9Game\PA9Game\main.cpp(91,48): warning C4305: 'argument': truncation from 'double' to 'T'
C:\Users\troym\Desktop\temp\PA9-NEW\PA9Game\PA9Game\main.cpp(91,48): warning C4305:         with
C:\Users\troym\Desktop\temp\PA9-NEW\PA9Game\PA9Game\main.cpp(91,48): warning C4305:         [
C:\Users\troym\Desktop\temp\PA9-NEW\PA9Game\PA9Game\main.cpp(91,48): warning C4305:             T=float
C:\Users\troym\Desktop\temp\PA9-NEW\PA9Game\PA9Game\main.cpp(91,48): warning C4305:         ]
C:\Users\troym\Desktop\temp\PA9-NEW\PA9Game\PA9Game\main.cpp(92,48): warning C4305: 'argument': truncation from 'double' to 'T'
C:\Users\troym\Desktop\temp\PA9-NEW\PA9Game\PA9Game\main.cpp(92,48): warning C4305:         with
C:\Users\troym\Desktop\temp\PA9-NEW\PA9Game\PA9Game\main.cpp(92,48): warning C4305:         [
C:\Users\troym\Desktop\temp\PA9-NEW\PA9Game\PA9Game\main.cpp(92,48): warning C4305:             T=float
C:\Users\troym\Desktop\temp\PA9-NEW\PA9Game\PA9Game\main.cpp(92,48): warning C4305:         ]
C:\Users\troym\Desktop\temp\PA9-NEW\PA9Game\PA9Game\main.cpp(95,27): warning C4834: discarding return value of function with [[nodiscard]] attribute
C:\Users\troym\Desktop\temp\PA9-NEW\PA9Game\PA9Game\main.cpp(99,25): warning C4834: discarding return value of function with [[nodiscard]] attribute
C:\Users\troym\Desktop\temp\PA9-NEW\PA9Game\PA9Game\main.cpp(220,30): warning C4305: 'argument': truncation from 'double' to 'float'
C:\Users\troym\Desktop\temp\PA9-NEW\PA9Game\PA9Game\main.cpp(220,25): warning C4305: 'argument': truncation from 'double' to 'float'
C:\Users\troym\Desktop\temp\PA9-NEW\PA9Game\PA9Game\main.cpp(232,39): warning C4305: 'argument': truncation from 'double' to 'float'
C:\Users\troym\Desktop\temp\PA9-NEW\PA9Game\PA9Game\main.cpp(232,34): warning C4305: 'argument': truncation from 'double' to 'float'
C:\Users\troym\Desktop\temp\PA9-NEW\PA9Game\PA9Game\main.cpp(242,39): warning C4305: 'argument': truncation from 'double' to 'float'
C:\Users\troym\Desktop\temp\PA9-NEW\PA9Game\PA9Game\main.cpp(242,34): warning C4305: 'argument': truncation from 'double' to 'float'
C:\Users\troym\Desktop\temp\PA9-NEW\PA9Game\PA9Game\main.cpp(273,27): warning C4305: 'argument': truncation from 'double' to 'float'
C:\Users\troym\Desktop\temp\PA9-NEW\PA9Game\PA9Game\main.cpp(273,23): warning C4305: 'argument': truncation from 'double' to 'float'
C:\Program Files\Microsoft Visual Studio\2022\Community\VC\Tools\MSVC\14.38.33130\include\xmemory(723,103): warning C4244: 'argument': conversion from '_Ty' to 'float', possible loss of data
C:\Program Files\Microsoft Visual Studio\2022\Community\VC\Tools\MSVC\14.38.33130\include\xmemory(723,103): warning C4244:         with
C:\Program Files\Microsoft Visual Studio\2022\Community\VC\Tools\MSVC\14.38.33130\include\xmemory(723,103): warning C4244:         [
C:\Program Files\Microsoft Visual Studio\2022\Community\VC\Tools\MSVC\14.38.33130\include\xmemory(723,103): warning C4244:             _Ty=int
C:\Program Files\Microsoft Visual Studio\2022\Community\VC\Tools\MSVC\14.38.33130\include\xmemory(723,103): warning C4244:         ]
  (compiling source file 'main.cpp')
      C:\Program Files\Microsoft Visual Studio\2022\Community\VC\Tools\MSVC\14.38.33130\include\xmemory(723,103):
      the template instantiation context (the oldest one first) is
          C:\Users\troym\Desktop\temp\PA9-NEW\PA9Game\PA9Game\main.cpp(36,18):
          see reference to function template instantiation '_Ty &std::vector<_Ty,std::allocator<_Ty>>::emplace_back<sf::Texture&,int,int,int,int,int,int,int>(sf::Texture &,int &&,int &&,int &&,int &&,int &&,int &&,int &&)' being compiled
          with
          [
              _Ty=GroundEnemy
          ]
          C:\Program Files\Microsoft Visual Studio\2022\Community\VC\Tools\MSVC\14.38.33130\include\vector(862,24):
          see reference to function template instantiation '_Ty &std::vector<_Ty,std::allocator<_Ty>>::_Emplace_one_at_back<sf::Texture&,int,int,int,int,int,int,int>(sf::Texture &,int &&,int &&,int &&,int &&,int &&,int &&,int &&)' being compiled
          with
          [
              _Ty=GroundEnemy
          ]
          C:\Program Files\Microsoft Visual Studio\2022\Community\VC\Tools\MSVC\14.38.33130\include\vector(780,20):
          see reference to function template instantiation '_Ty &std::vector<_Ty,std::allocator<_Ty>>::_Emplace_back_with_unused_capacity<sf::Texture&,int,int,int,int,int,int,int>(sf::Texture &,int &&,int &&,int &&,int &&,int &&,int &&,int &&)' being compiled
          with
          [
              _Ty=GroundEnemy
          ]
          C:\Program Files\Microsoft Visual Studio\2022\Community\VC\Tools\MSVC\14.38.33130\include\vector(798,27):
          see reference to function template instantiation 'void std::_Default_allocator_traits<_Alloc>::construct<_Ty,sf::Texture&,int,int,int,int,int,int,int>(_Alloc &,_Objty *const ,sf::Texture &,int &&,int &&,int &&,int &&,int &&,int &&,int &&)' being compiled
          with
          [
              _Alloc=std::allocator<GroundEnemy>,
              _Ty=GroundEnemy,
              _Objty=GroundEnemy
          ]
  
  Generating code
  Previous IPDB and IOBJ mismatch, fall back to full compilation.
  All 594 functions were compiled because no usable IPDB/IOBJ from previous compilation was found.
  Finished generating code
  PA9Game.vcxproj -> C:\Users\troym\Desktop\temp\PA9-NEW\PA9Game\x64\Release\PA9Game.exe
  'pwsh.exe' is not recognized as an internal or external command,
  operable program or batch file.
