c:\users\troym\desktop\temp\pa9-new\pa9game\pa9game\x64\release\vc143.pdb
c:\users\troym\desktop\temp\pa9-new\pa9game\pa9game\x64\release\player.obj
c:\users\troym\desktop\temp\pa9-new\pa9game\pa9game\x64\release\groundenemy.obj
c:\users\troym\desktop\temp\pa9-new\pa9game\pa9game\x64\release\flyingenemy.obj
c:\users\troym\desktop\temp\pa9-new\pa9game\pa9game\x64\release\entity.obj
c:\users\troym\desktop\temp\pa9-new\pa9game\pa9game\x64\release\backdrop.obj
c:\users\troym\desktop\temp\pa9-new\pa9game\pa9game\x64\release\animation.obj
c:\users\troym\desktop\temp\pa9-new\pa9game\pa9game\x64\release\main.obj
c:\users\troym\desktop\temp\pa9-new\pa9game\x64\release\pa9game.exe
c:\users\troym\desktop\temp\pa9-new\pa9game\x64\release\pa9game.pdb
c:\users\troym\desktop\temp\pa9-new\pa9game\pa9game\x64\release\pa9game.ipdb
c:\users\troym\desktop\temp\pa9-new\pa9game\pa9game\x64\release\pa9game.iobj
c:\users\troym\desktop\temp\pa9-new\pa9game\pa9game\x64\release\pa9game.tlog\cl.command.1.tlog
c:\users\troym\desktop\temp\pa9-new\pa9game\pa9game\x64\release\pa9game.tlog\cl.items.tlog
c:\users\troym\desktop\temp\pa9-new\pa9game\pa9game\x64\release\pa9game.tlog\cl.read.1.tlog
c:\users\troym\desktop\temp\pa9-new\pa9game\pa9game\x64\release\pa9game.tlog\cl.write.1.tlog
c:\users\troym\desktop\temp\pa9-new\pa9game\pa9game\x64\release\pa9game.tlog\link.command.1.tlog
c:\users\troym\desktop\temp\pa9-new\pa9game\pa9game\x64\release\pa9game.tlog\link.read.1.tlog
c:\users\troym\desktop\temp\pa9-new\pa9game\pa9game\x64\release\pa9game.tlog\link.secondary.1.tlog
c:\users\troym\desktop\temp\pa9-new\pa9game\pa9game\x64\release\pa9game.tlog\link.write.1.tlog
